<?xml version="1.0" encoding="UTF-8"?>
<!-- Generated by org.testng.reporters.JUnitReportReporter -->
<testsuite hostname="Mevin" failures="0" tests="1" name="testPkg.SearchTest" time="0.477" errors="0" timestamp="2024-12-31T17:05:00 IST" skipped="0">
  <testcase classname="testPkg.SearchTest" name="searchTestFun" time="0.477"/>
</testsuite> <!-- testPkg.SearchTest -->
